<?xml version="1.0" encoding="utf-8"?><testsuites name="pytest tests"><testsuite name="pytest" errors="0" failures="0" skipped="0" tests="45" time="0.405" timestamp="2026-09-17T16:40:42.043030-05:00" hostname="Davids-MBP.lan"><testcase classname="tests.test_deepseek_v41_mtp_budget" name="test_mtp_is_priced_before_allocation[True-0-True]" time="0.001" /><testcase classname="tests.test_deepseek_v41_mtp_budget" name="test_mtp_is_priced_before_allocation[None-1-True]" time="0.001" /><testcase classname="tests.test_deepseek_v41_mtp_budget" name="test_mtp_is_priced_before_allocation[False-1-False]" time="0.001" /><testcase classname="tests.test_deepseek_v41_mtp_budget" name="test_mtp_is_priced_before_allocation[None-0-False]" time="0.001" /><testcase classname="tests.test_deepseek_v41_mtp_budget" name="test_separate_construction_refuses_an_unpriced_mtp_head" time="0.000" /><testcase classname="tests.test_deepseek_v41_mtp_budget" name="test_fixed_q8_reserve_precedes_expert_allocation" time="0.000" /><testcase classname="tests.test_deepseek_v41_mtp_budget" name="test_invalid_kv_settings_fail_before_artifact_access[4-None]" time="0.000" /><testcase classname="tests.test_deepseek_v41_mtp_budget" name="test_invalid_kv_settings_fail_before_artifact_access[16-953]" time="0.000" /><testcase classname="tests.test_deepseek_v41_memory_reporting" name="test_system_total_includes_file_pages_and_physical_compressor" time="0.000" /><testcase classname="tests.test_deepseek_v41_memory_reporting" name="test_slot_summary_reports_current_storage_and_keeps_source_size[native-ab_decode_env_levers]" time="0.001" /><testcase classname="tests.test_deepseek_v41_memory_reporting" name="test_slot_summary_reports_current_storage_and_keeps_source_size[native-bench_standard_shape]" time="0.001" /><testcase classname="tests.test_deepseek_v41_memory_reporting" name="test_slot_summary_reports_current_storage_and_keeps_source_size[packed-ab_decode_env_levers]" time="0.001" /><testcase classname="tests.test_deepseek_v41_memory_reporting" name="test_slot_summary_reports_current_storage_and_keeps_source_size[packed-bench_standard_shape]" time="0.001" /><testcase classname="tests.test_deepseek_v41_memory_reporting" name="test_broken_system_reader_is_unknown" time="0.000" /><testcase classname="tests.test_deepseek_v41_memory_reporting" name="test_process_reader_caches_bindings_but_observes_fresh_values" time="0.000" /><testcase classname="tests.test_deepseek_v41_memory_reporting" name="test_incomplete_process_read_is_unknown_not_zero_or_rss[words-36]" time="0.000" /><testcase classname="tests.test_deepseek_v41_memory_reporting" name="test_incomplete_process_read_is_unknown_not_zero_or_rss[result-5]" time="0.000" /><testcase classname="tests.test_deepseek_v41_memory_reporting" name="test_footprint_reader_never_substitutes_rss" time="0.000" /><testcase classname="tests.test_deepseek_v41_memory_reporting" name="test_receipt_units_are_explicit_and_no_sample_stays_unknown" time="0.001" /><testcase classname="tests.test_deepseek_v41_memory_reporting" name="test_ab_preserves_measured_system_peak_and_never_calls_rss_footprint" time="0.001" /><testcase classname="tests.test_deepseek_v41_memory_reporting" name="test_box_usage_is_measured_and_baseline_sum_is_only_an_estimate" time="0.001" /><testcase classname="tests.test_deepseek_v41_memory_reporting" name="test_headline_does_not_turn_missing_measurements_into_zero" time="0.001" /><testcase classname="tests.test_deepseek_v41_memory_reporting" name="test_divergence_reporting_distinguishes_missing_evidence[None-draft0-unclassified-unavailable0]" time="0.005" /><testcase classname="tests.test_deepseek_v41_memory_reporting" name="test_divergence_reporting_distinguishes_missing_evidence[ar1-draft1-unclassified-unavailable1]" time="0.005" /><testcase classname="tests.test_deepseek_v41_memory_reporting" name="test_divergence_reporting_distinguishes_missing_evidence[ar2-None-unclassified-unavailable2]" time="0.010" /><testcase classname="tests.test_deepseek_v41_memory_reporting" name="test_divergence_reporting_distinguishes_missing_evidence[None-None-unclassified-unavailable3]" time="0.005" /><testcase classname="tests.test_deepseek_v41_memory_reporting" name="test_divergence_reporting_distinguishes_missing_evidence[ar4-draft4-tie_flip-unavailable4]" time="0.005" /><testcase classname="tests.test_deepseek_v41_memory_reporting" name="test_divergence_reporting_distinguishes_missing_evidence[ar5-draft5-divergent-unavailable5]" time="0.005" /><testcase classname="tests.test_deepseek_v41_memory_reporting" name="test_ab_summary_uses_measured_pass_with_reused_ar_reference[dspark-target-changed-1]" time="0.002" /><testcase classname="tests.test_deepseek_v41_memory_reporting" name="test_ab_summary_uses_measured_pass_with_reused_ar_reference[dspark-target-control-0]" time="0.001" /><testcase classname="tests.test_deepseek_v41_memory_reporting" name="test_ab_summary_uses_measured_pass_with_reused_ar_reference[ar-target-changed-0]" time="0.002" /><testcase classname="tests.test_deepseek_v41_memory_reporting" name="test_model_levers_follow_each_arm_after_module_import" time="0.012" /><testcase classname="tests.test_deepseek_v41_memory_reporting" name="test_sampler_records_short_run_end_peak_and_same_sample_counters" time="0.001" /><testcase classname="tests.test_deepseek_v41_memory_reporting" name="test_host_snapshot_has_one_monotonic_interval" time="0.003" /><testcase classname="tests.test_deepseek_v41_memory_reporting" name="test_serving_health_reports_os_memory_without_loading_a_model" time="0.144" /><testcase classname="tests.test_deepseek_v41_memory_reporting" name="test_standard_cell_reports_memory_and_decimal_units" time="0.007" /><testcase classname="tests.test_deepseek_v41_memory_reporting" name="test_standard_runner_uses_shared_110gb_plan" time="0.034" /><testcase classname="tests.test_deepseek_v41_memory_reporting" name="test_pinned_plan_restores_python_capacity_and_rejects_larger_live_baseline" time="0.007" /><testcase classname="tests.test_deepseek_v41_memory_reporting" name="test_standard_cell_keeps_ar_and_dspark_memory_windows_separate[True]" time="0.010" /><testcase classname="tests.test_deepseek_v41_memory_reporting" name="test_standard_cell_keeps_ar_and_dspark_memory_windows_separate[False]" time="0.009" /><testcase classname="tests.test_deepseek_v41_memory_reporting" name="test_dspark_decode_memory_boundaries_exclude_prefill_and_cache_release[9663676416]" time="0.001" /><testcase classname="tests.test_deepseek_v41_memory_reporting" name="test_dspark_decode_memory_boundaries_exclude_prefill_and_cache_release[None]" time="0.001" /><testcase classname="tests.test_deepseek_v41_memory_reporting" name="test_dspark_completion_observes_cache_before_release[1]" time="0.004" /><testcase classname="tests.test_deepseek_v41_memory_reporting" name="test_dspark_completion_observes_cache_before_release[3]" time="0.004" /><testcase classname="tests.test_deepseek_v41_memory_reporting" name="test_standard_dspark_releases_ar_state_and_reports_decode_only" time="0.010" /></testsuite></testsuites>